<?xml version="1.0" encoding="UTF-8"?>
<testsuite name="regression"
           tests="2"
           failures="0"
           errors="0"
           skipped="0"
           time="29.458">
  <properties />
  
  
            <testcase name="verifyUserShouldNavigateToCellPhonesPageSuccessfully" time="2.155" classname="com.nopcommerce.testsuite.ElectronicsTest" />
                <testcase name="verifyThatTheProductAddedSuccessfullyAndPlaceOrderSuccessfully" time="27.303" classname="com.nopcommerce.testsuite.ElectronicsTest" />
      
</testsuite>
