<?xml version="1.0" encoding="UTF-8"?>
<testsuite name="regression"
           tests="2"
           failures="0"
           errors="0"
           skipped="0"
           time="64.574">
  <properties />
  
  
            <testcase name="verifyProductArrangeInAlphaBaticalOrder" time="9.612" classname="com.nopcommerce.testsuite.TestSuite" />
                <testcase name="verifyProductAddedToShoppingCartSuccessFully" time="54.962" classname="com.nopcommerce.testsuite.TestSuite" />
      
</testsuite>
