<?xml version="1.0" encoding="UTF-8"?>
<!-- Generated by org.testng.reporters.JUnitXMLReporter -->
<testsuite hostname="DESKTOP-K1JR9NG" ignored="0" name="regression" tests="5" failures="0" timestamp="2023-05-10T23:50:59 BST" time="107.802" errors="0">
  <testcase name="verifyThatTheProductAddedSuccessfullyAndPlaceOrderSuccessfully" time="27.303" classname="com.nopcommerce.testsuite.ElectronicsTest"/>
  <testcase name="verifyUserShouldNavigateToCellPhonesPageSuccessfully" time="2.155" classname="com.nopcommerce.testsuite.ElectronicsTest"/>
  <testcase name="verifyProductAddedToShoppingCartSuccessFully" time="54.962" classname="com.nopcommerce.testsuite.TestSuite"/>
  <testcase name="verifyProductArrangeInAlphaBaticalOrder" time="9.612" classname="com.nopcommerce.testsuite.TestSuite"/>
  <testcase name="verifyPageNavigation" time="0.871" classname="com.nopcommerce.testsuite.TopMenuTest"/>
</testsuite> <!-- regression -->
